0 info it worked if it ends with ok
1 verbose cli [ '/usr/bin/nodejs', '/usr/bin/npm', 'run', 'test' ]
2 info using npm@3.10.3
3 info using node@v6.7.0
4 verbose run-script [ 'pretest', 'test', 'posttest' ]
5 info lifecycle pixlee-code-challenge@0.1.2~pretest: pixlee-code-challenge@0.1.2
6 silly lifecycle pixlee-code-challenge@0.1.2~pretest: no script for pretest, continuing
7 info lifecycle pixlee-code-challenge@0.1.2~test: pixlee-code-challenge@0.1.2
8 verbose lifecycle pixlee-code-challenge@0.1.2~test: unsafe-perm in lifecycle true
9 verbose lifecycle pixlee-code-challenge@0.1.2~test: PATH: /usr/lib/node_modules/npm/bin/node-gyp-bin:/home/brianboyko/source/pixlee-code-challenge/node_modules/.bin:/usr/bin:/usr/local/heroku/bin:/home/brianboyko/bin:/usr/local/sbin:/usr/local/bin:/usr/sbin:/usr/bin:/sbin:/bin:/usr/games:/usr/local/games
10 verbose lifecycle pixlee-code-challenge@0.1.2~test: CWD: /home/brianboyko/source/pixlee-code-challenge
11 silly lifecycle pixlee-code-challenge@0.1.2~test: Args: [ '-c', 'mocha --compilers js:babel-core/register --recursive' ]
12 silly lifecycle pixlee-code-challenge@0.1.2~test: Returned: code: 1  signal: null
13 info lifecycle pixlee-code-challenge@0.1.2~test: Failed to exec test script
14 verbose stack Error: pixlee-code-challenge@0.1.2 test: `mocha --compilers js:babel-core/register --recursive`
14 verbose stack Exit status 1
14 verbose stack     at EventEmitter.<anonymous> (/usr/lib/node_modules/npm/lib/utils/lifecycle.js:242:16)
14 verbose stack     at emitTwo (events.js:106:13)
14 verbose stack     at EventEmitter.emit (events.js:191:7)
14 verbose stack     at ChildProcess.<anonymous> (/usr/lib/node_modules/npm/lib/utils/spawn.js:40:14)
14 verbose stack     at emitTwo (events.js:106:13)
14 verbose stack     at ChildProcess.emit (events.js:191:7)
14 verbose stack     at maybeClose (internal/child_process.js:877:16)
14 verbose stack     at Process.ChildProcess._handle.onexit (internal/child_process.js:226:5)
15 verbose pkgid pixlee-code-challenge@0.1.2
16 verbose cwd /home/brianboyko/source/pixlee-code-challenge
17 error Linux 4.4.0-21-generic
18 error argv "/usr/bin/nodejs" "/usr/bin/npm" "run" "test"
19 error node v6.7.0
20 error npm  v3.10.3
21 error code ELIFECYCLE
22 error pixlee-code-challenge@0.1.2 test: `mocha --compilers js:babel-core/register --recursive`
22 error Exit status 1
23 error Failed at the pixlee-code-challenge@0.1.2 test script 'mocha --compilers js:babel-core/register --recursive'.
23 error Make sure you have the latest version of node.js and npm installed.
23 error If you do, this is most likely a problem with the pixlee-code-challenge package,
23 error not with npm itself.
23 error Tell the author that this fails on your system:
23 error     mocha --compilers js:babel-core/register --recursive
23 error You can get information on how to open an issue for this project with:
23 error     npm bugs pixlee-code-challenge
23 error Or if that isn't available, you can get their info via:
23 error     npm owner ls pixlee-code-challenge
23 error There is likely additional logging output above.
24 verbose exit [ 1, true ]
